INFO Thread-6 org.springframework.web.context.support.XmlWebApplicationContext - Closing WebApplicationContext for namespace 'terram-servlet': startup date [Thu Nov 08 00:05:03 EST 2012]; parent: Root WebApplicationContext
INFO Thread-6 org.springframework.web.context.support.XmlWebApplicationContext - Closing Root WebApplicationContext: startup date [Thu Nov 08 00:04:59 EST 2012]; root of context hierarchy
DEBUG main org.springframework.web.context.support.StandardServletEnvironment - Initializing new StandardServletEnvironment
DEBUG main org.springframework.web.context.support.StandardServletEnvironment - Adding [servletConfigInitParams] PropertySource with lowest search precedence
DEBUG main org.springframework.web.context.support.StandardServletEnvironment - Adding [servletContextInitParams] PropertySource with lowest search precedence
DEBUG main org.springframework.web.context.support.StandardServletEnvironment - Adding [jndiProperties] PropertySource with lowest search precedence
DEBUG main org.springframework.web.context.support.StandardServletEnvironment - Adding [systemProperties] PropertySource with lowest search precedence
DEBUG main org.springframework.web.context.support.StandardServletEnvironment - Adding [systemEnvironment] PropertySource with lowest search precedence
DEBUG main org.springframework.web.context.support.StandardServletEnvironment - Initialized StandardServletEnvironment with PropertySources [servletConfigInitParams,servletContextInitParams,jndiProperties,systemProperties,systemEnvironment]
DEBUG main org.springframework.web.context.support.StandardServletEnvironment - Initializing new StandardServletEnvironment
DEBUG main org.springframework.web.context.support.StandardServletEnvironment - Adding [servletConfigInitParams] PropertySource with lowest search precedence
DEBUG main org.springframework.web.context.support.StandardServletEnvironment - Adding [servletContextInitParams] PropertySource with lowest search precedence
DEBUG main org.springframework.web.context.support.StandardServletEnvironment - Adding [jndiProperties] PropertySource with lowest search precedence
DEBUG main org.springframework.web.context.support.StandardServletEnvironment - Adding [systemProperties] PropertySource with lowest search precedence
DEBUG main org.springframework.web.context.support.StandardServletEnvironment - Adding [systemEnvironment] PropertySource with lowest search precedence
DEBUG main org.springframework.web.context.support.StandardServletEnvironment - Initialized StandardServletEnvironment with PropertySources [servletConfigInitParams,servletContextInitParams,jndiProperties,systemProperties,systemEnvironment]
DEBUG main org.springframework.web.context.support.StandardServletEnvironment - Initializing new StandardServletEnvironment
DEBUG main org.springframework.web.context.support.StandardServletEnvironment - Adding [servletConfigInitParams] PropertySource with lowest search precedence
DEBUG main org.springframework.web.context.support.StandardServletEnvironment - Adding [servletContextInitParams] PropertySource with lowest search precedence
DEBUG main org.springframework.web.context.support.StandardServletEnvironment - Adding [jndiProperties] PropertySource with lowest search precedence
DEBUG main org.springframework.web.context.support.StandardServletEnvironment - Adding [systemProperties] PropertySource with lowest search precedence
DEBUG main org.springframework.web.context.support.StandardServletEnvironment - Adding [systemEnvironment] PropertySource with lowest search precedence
DEBUG main org.springframework.web.context.support.StandardServletEnvironment - Initialized StandardServletEnvironment with PropertySources [servletConfigInitParams,servletContextInitParams,jndiProperties,systemProperties,systemEnvironment]
DEBUG main org.springframework.web.context.support.StandardServletEnvironment - Initializing new StandardServletEnvironment
DEBUG main org.springframework.web.context.support.StandardServletEnvironment - Adding [servletConfigInitParams] PropertySource with lowest search precedence
DEBUG main org.springframework.web.context.support.StandardServletEnvironment - Adding [servletContextInitParams] PropertySource with lowest search precedence
DEBUG main org.springframework.web.context.support.StandardServletEnvironment - Adding [jndiProperties] PropertySource with lowest search precedence
DEBUG main org.springframework.web.context.support.StandardServletEnvironment - Adding [systemProperties] PropertySource with lowest search precedence
DEBUG main org.springframework.web.context.support.StandardServletEnvironment - Adding [systemEnvironment] PropertySource with lowest search precedence
DEBUG main org.springframework.web.context.support.StandardServletEnvironment - Initialized StandardServletEnvironment with PropertySources [servletConfigInitParams,servletContextInitParams,jndiProperties,systemProperties,systemEnvironment]
DEBUG main org.springframework.web.context.support.StandardServletEnvironment - Initializing new StandardServletEnvironment
DEBUG main org.springframework.web.context.support.StandardServletEnvironment - Adding [servletConfigInitParams] PropertySource with lowest search precedence
DEBUG main org.springframework.web.context.support.StandardServletEnvironment - Adding [servletContextInitParams] PropertySource with lowest search precedence
DEBUG main org.springframework.web.context.support.StandardServletEnvironment - Adding [jndiProperties] PropertySource with lowest search precedence
DEBUG main org.springframework.web.context.support.StandardServletEnvironment - Adding [systemProperties] PropertySource with lowest search precedence
DEBUG main org.springframework.web.context.support.StandardServletEnvironment - Adding [systemEnvironment] PropertySource with lowest search precedence
DEBUG main org.springframework.web.context.support.StandardServletEnvironment - Initialized StandardServletEnvironment with PropertySources [servletConfigInitParams,servletContextInitParams,jndiProperties,systemProperties,systemEnvironment]
DEBUG main org.springframework.web.context.support.StandardServletEnvironment - Initializing new StandardServletEnvironment
DEBUG main org.springframework.web.context.support.StandardServletEnvironment - Adding [servletConfigInitParams] PropertySource with lowest search precedence
DEBUG main org.springframework.web.context.support.StandardServletEnvironment - Adding [servletContextInitParams] PropertySource with lowest search precedence
DEBUG main org.springframework.web.context.support.StandardServletEnvironment - Adding [jndiProperties] PropertySource with lowest search precedence
DEBUG main org.springframework.web.context.support.StandardServletEnvironment - Adding [systemProperties] PropertySource with lowest search precedence
DEBUG main org.springframework.web.context.support.StandardServletEnvironment - Adding [systemEnvironment] PropertySource with lowest search precedence
DEBUG main org.springframework.web.context.support.StandardServletEnvironment - Initialized StandardServletEnvironment with PropertySources [servletConfigInitParams,servletContextInitParams,jndiProperties,systemProperties,systemEnvironment]
DEBUG main org.springframework.web.context.support.StandardServletEnvironment - Initializing new StandardServletEnvironment
DEBUG main org.springframework.web.context.support.StandardServletEnvironment - Adding [servletConfigInitParams] PropertySource with lowest search precedence
DEBUG main org.springframework.web.context.support.StandardServletEnvironment - Adding [servletContextInitParams] PropertySource with lowest search precedence
DEBUG main org.springframework.web.context.support.StandardServletEnvironment - Adding [jndiProperties] PropertySource with lowest search precedence
DEBUG main org.springframework.web.context.support.StandardServletEnvironment - Adding [systemProperties] PropertySource with lowest search precedence
DEBUG main org.springframework.web.context.support.StandardServletEnvironment - Adding [systemEnvironment] PropertySource with lowest search precedence
DEBUG main org.springframework.web.context.support.StandardServletEnvironment - Initialized StandardServletEnvironment with PropertySources [servletConfigInitParams,servletContextInitParams,jndiProperties,systemProperties,systemEnvironment]
DEBUG main org.springframework.web.context.support.StandardServletEnvironment - Initializing new StandardServletEnvironment
DEBUG main org.springframework.web.context.support.StandardServletEnvironment - Adding [servletConfigInitParams] PropertySource with lowest search precedence
DEBUG main org.springframework.web.context.support.StandardServletEnvironment - Adding [servletContextInitParams] PropertySource with lowest search precedence
DEBUG main org.springframework.web.context.support.StandardServletEnvironment - Adding [jndiProperties] PropertySource with lowest search precedence
DEBUG main org.springframework.web.context.support.StandardServletEnvironment - Adding [systemProperties] PropertySource with lowest search precedence
DEBUG main org.springframework.web.context.support.StandardServletEnvironment - Adding [systemEnvironment] PropertySource with lowest search precedence
DEBUG main org.springframework.web.context.support.StandardServletEnvironment - Initialized StandardServletEnvironment with PropertySources [servletConfigInitParams,servletContextInitParams,jndiProperties,systemProperties,systemEnvironment]
DEBUG main org.springframework.web.context.support.StandardServletEnvironment - Initializing new StandardServletEnvironment
DEBUG main org.springframework.web.context.support.StandardServletEnvironment - Adding [servletConfigInitParams] PropertySource with lowest search precedence
DEBUG main org.springframework.web.context.support.StandardServletEnvironment - Adding [servletContextInitParams] PropertySource with lowest search precedence
DEBUG main org.springframework.web.context.support.StandardServletEnvironment - Adding [jndiProperties] PropertySource with lowest search precedence
DEBUG main org.springframework.web.context.support.StandardServletEnvironment - Adding [systemProperties] PropertySource with lowest search precedence
DEBUG main org.springframework.web.context.support.StandardServletEnvironment - Adding [systemEnvironment] PropertySource with lowest search precedence
DEBUG main org.springframework.web.context.support.StandardServletEnvironment - Initialized StandardServletEnvironment with PropertySources [servletConfigInitParams,servletContextInitParams,jndiProperties,systemProperties,systemEnvironment]
DEBUG main org.springframework.web.context.support.StandardServletEnvironment - Initializing new StandardServletEnvironment
DEBUG main org.springframework.web.context.support.StandardServletEnvironment - Adding [servletConfigInitParams] PropertySource with lowest search precedence
DEBUG main org.springframework.web.context.support.StandardServletEnvironment - Adding [servletContextInitParams] PropertySource with lowest search precedence
DEBUG main org.springframework.web.context.support.StandardServletEnvironment - Adding [jndiProperties] PropertySource with lowest search precedence
DEBUG main org.springframework.web.context.support.StandardServletEnvironment - Adding [systemProperties] PropertySource with lowest search precedence
DEBUG main org.springframework.web.context.support.StandardServletEnvironment - Adding [systemEnvironment] PropertySource with lowest search precedence
DEBUG main org.springframework.web.context.support.StandardServletEnvironment - Initialized StandardServletEnvironment with PropertySources [servletConfigInitParams,servletContextInitParams,jndiProperties,systemProperties,systemEnvironment]
INFO main org.springframework.web.context.ContextLoader - Root WebApplicationContext: initialization started
DEBUG main org.springframework.web.context.support.StandardServletEnvironment - Initializing new StandardServletEnvironment
DEBUG main org.springframework.web.context.support.StandardServletEnvironment - Adding [servletConfigInitParams] PropertySource with lowest search precedence
DEBUG main org.springframework.web.context.support.StandardServletEnvironment - Adding [servletContextInitParams] PropertySource with lowest search precedence
DEBUG main org.springframework.web.context.support.StandardServletEnvironment - Adding [jndiProperties] PropertySource with lowest search precedence
DEBUG main org.springframework.web.context.support.StandardServletEnvironment - Adding [systemProperties] PropertySource with lowest search precedence
DEBUG main org.springframework.web.context.support.StandardServletEnvironment - Adding [systemEnvironment] PropertySource with lowest search precedence
DEBUG main org.springframework.web.context.support.StandardServletEnvironment - Initialized StandardServletEnvironment with PropertySources [servletConfigInitParams,servletContextInitParams,jndiProperties,systemProperties,systemEnvironment]
INFO main org.springframework.web.context.support.XmlWebApplicationContext - Refreshing Root WebApplicationContext: startup date [Thu Nov 08 00:10:04 EST 2012]; root of context hierarchy
DEBUG main org.springframework.web.context.support.StandardServletEnvironment - Replacing [servletContextInitParams] PropertySource with [servletContextInitParams]
DEBUG main org.springframework.web.context.support.XmlWebApplicationContext - Bean factory for Root WebApplicationContext: org.springframework.beans.factory.support.DefaultListableBeanFactory@6300fba5: defining beans [org.springframework.security.filterChains,org.springframework.security.filterChainProxy,org.springframework.security.web.PortMapperImpl#0,org.springframework.security.config.authentication.AuthenticationManagerFactoryBean#0,org.springframework.security.authentication.ProviderManager#0,org.springframework.security.web.context.HttpSessionSecurityContextRepository#0,org.springframework.security.web.authentication.session.SessionFixationProtectionStrategy#0,org.springframework.security.web.savedrequest.HttpSessionRequestCache#0,org.springframework.security.web.access.expression.DefaultWebSecurityExpressionHandler#0,org.springframework.security.access.vote.AffirmativeBased#0,org.springframework.security.web.access.intercept.FilterSecurityInterceptor#0,org.springframework.security.web.access.DefaultWebInvocationPrivilegeEvaluator#0,org.springframework.security.authentication.AnonymousAuthenticationProvider#0,org.springframework.security.web.authentication.www.BasicAuthenticationEntryPoint#0,org.springframework.security.web.authentication.UsernamePasswordAuthenticationFilter#0,org.springframework.security.userDetailsServiceFactory,org.springframework.security.web.DefaultSecurityFilterChain#0,org.springframework.security.provisioning.InMemoryUserDetailsManager#0,org.springframework.security.authentication.dao.DaoAuthenticationProvider#0,org.springframework.security.authentication.DefaultAuthenticationEventPublisher#0,org.springframework.security.authenticationManager,org.springframework.context.support.PropertySourcesPlaceholderConfigurer#0,org.springframework.context.config.internalBeanConfigurerAspect,org.springframework.context.annotation.internalConfigurationAnnotationProcessor,org.springframework.context.annotation.internalAutowiredAnnotationProcessor,org.springframework.context.annotation.internalRequiredAnnotationProcessor,org.springframework.context.annotation.internalCommonAnnotationProcessor,org.springframework.context.annotation.internalPersistenceAnnotationProcessor,dataSource,transactionManager,org.springframework.transaction.config.internalTransactionAspect,entityManagerFactory,mailSender]; root of factory hierarchy
DEBUG main org.springframework.web.context.support.XmlWebApplicationContext - Unable to locate MessageSource with name 'messageSource': using default [org.springframework.context.support.DelegatingMessageSource@197c4cbd]
DEBUG main org.springframework.web.context.support.XmlWebApplicationContext - Unable to locate ApplicationEventMulticaster with name 'applicationEventMulticaster': using default [org.springframework.context.event.SimpleApplicationEventMulticaster@377c404e]
DEBUG main org.springframework.web.context.support.StandardServletEnvironment - Initializing new StandardServletEnvironment
DEBUG main org.springframework.web.context.support.StandardServletEnvironment - Adding [servletConfigInitParams] PropertySource with lowest search precedence
DEBUG main org.springframework.web.context.support.StandardServletEnvironment - Adding [servletContextInitParams] PropertySource with lowest search precedence
DEBUG main org.springframework.web.context.support.StandardServletEnvironment - Adding [jndiProperties] PropertySource with lowest search precedence
DEBUG main org.springframework.web.context.support.StandardServletEnvironment - Adding [systemProperties] PropertySource with lowest search precedence
DEBUG main org.springframework.web.context.support.StandardServletEnvironment - Adding [systemEnvironment] PropertySource with lowest search precedence
DEBUG main org.springframework.web.context.support.StandardServletEnvironment - Initialized StandardServletEnvironment with PropertySources [servletConfigInitParams,servletContextInitParams,jndiProperties,systemProperties,systemEnvironment]
DEBUG main org.springframework.web.context.support.StandardServletEnvironment - Initializing new StandardServletEnvironment
DEBUG main org.springframework.web.context.support.StandardServletEnvironment - Adding [servletConfigInitParams] PropertySource with lowest search precedence
DEBUG main org.springframework.web.context.support.StandardServletEnvironment - Adding [servletContextInitParams] PropertySource with lowest search precedence
DEBUG main org.springframework.web.context.support.StandardServletEnvironment - Adding [jndiProperties] PropertySource with lowest search precedence
DEBUG main org.springframework.web.context.support.StandardServletEnvironment - Adding [systemProperties] PropertySource with lowest search precedence
DEBUG main org.springframework.web.context.support.StandardServletEnvironment - Adding [systemEnvironment] PropertySource with lowest search precedence
DEBUG main org.springframework.web.context.support.StandardServletEnvironment - Initialized StandardServletEnvironment with PropertySources [servletConfigInitParams,servletContextInitParams,jndiProperties,systemProperties,systemEnvironment]
DEBUG main org.springframework.web.context.support.StandardServletEnvironment - Initializing new StandardServletEnvironment
DEBUG main org.springframework.web.context.support.StandardServletEnvironment - Adding [servletConfigInitParams] PropertySource with lowest search precedence
DEBUG main org.springframework.web.context.support.StandardServletEnvironment - Adding [servletContextInitParams] PropertySource with lowest search precedence
DEBUG main org.springframework.web.context.support.StandardServletEnvironment - Adding [jndiProperties] PropertySource with lowest search precedence
DEBUG main org.springframework.web.context.support.StandardServletEnvironment - Adding [systemProperties] PropertySource with lowest search precedence
DEBUG main org.springframework.web.context.support.StandardServletEnvironment - Adding [systemEnvironment] PropertySource with lowest search precedence
DEBUG main org.springframework.web.context.support.StandardServletEnvironment - Initialized StandardServletEnvironment with PropertySources [servletConfigInitParams,servletContextInitParams,jndiProperties,systemProperties,systemEnvironment]
DEBUG main org.springframework.web.context.support.StandardServletEnvironment - Initializing new StandardServletEnvironment
DEBUG main org.springframework.web.context.support.StandardServletEnvironment - Adding [servletConfigInitParams] PropertySource with lowest search precedence
DEBUG main org.springframework.web.context.support.StandardServletEnvironment - Adding [servletContextInitParams] PropertySource with lowest search precedence
DEBUG main org.springframework.web.context.support.StandardServletEnvironment - Adding [jndiProperties] PropertySource with lowest search precedence
DEBUG main org.springframework.web.context.support.StandardServletEnvironment - Adding [systemProperties] PropertySource with lowest search precedence
DEBUG main org.springframework.web.context.support.StandardServletEnvironment - Adding [systemEnvironment] PropertySource with lowest search precedence
DEBUG main org.springframework.web.context.support.StandardServletEnvironment - Initialized StandardServletEnvironment with PropertySources [servletConfigInitParams,servletContextInitParams,jndiProperties,systemProperties,systemEnvironment]
DEBUG main org.springframework.web.context.support.StandardServletEnvironment - Initializing new StandardServletEnvironment
DEBUG main org.springframework.web.context.support.StandardServletEnvironment - Adding [servletConfigInitParams] PropertySource with lowest search precedence
DEBUG main org.springframework.web.context.support.StandardServletEnvironment - Adding [servletContextInitParams] PropertySource with lowest search precedence
DEBUG main org.springframework.web.context.support.StandardServletEnvironment - Adding [jndiProperties] PropertySource with lowest search precedence
DEBUG main org.springframework.web.context.support.StandardServletEnvironment - Adding [systemProperties] PropertySource with lowest search precedence
DEBUG main org.springframework.web.context.support.StandardServletEnvironment - Adding [systemEnvironment] PropertySource with lowest search precedence
DEBUG main org.springframework.web.context.support.StandardServletEnvironment - Initialized StandardServletEnvironment with PropertySources [servletConfigInitParams,servletContextInitParams,jndiProperties,systemProperties,systemEnvironment]
DEBUG main org.springframework.web.context.support.StandardServletEnvironment - Initializing new StandardServletEnvironment
DEBUG main org.springframework.web.context.support.StandardServletEnvironment - Adding [servletConfigInitParams] PropertySource with lowest search precedence
DEBUG main org.springframework.web.context.support.StandardServletEnvironment - Adding [servletContextInitParams] PropertySource with lowest search precedence
DEBUG main org.springframework.web.context.support.StandardServletEnvironment - Adding [jndiProperties] PropertySource with lowest search precedence
DEBUG main org.springframework.web.context.support.StandardServletEnvironment - Adding [systemProperties] PropertySource with lowest search precedence
DEBUG main org.springframework.web.context.support.StandardServletEnvironment - Adding [systemEnvironment] PropertySource with lowest search precedence
DEBUG main org.springframework.web.context.support.StandardServletEnvironment - Initialized StandardServletEnvironment with PropertySources [servletConfigInitParams,servletContextInitParams,jndiProperties,systemProperties,systemEnvironment]
DEBUG main org.springframework.web.context.support.StandardServletEnvironment - Initializing new StandardServletEnvironment
DEBUG main org.springframework.web.context.support.StandardServletEnvironment - Adding [servletConfigInitParams] PropertySource with lowest search precedence
DEBUG main org.springframework.web.context.support.StandardServletEnvironment - Adding [servletContextInitParams] PropertySource with lowest search precedence
DEBUG main org.springframework.web.context.support.StandardServletEnvironment - Adding [jndiProperties] PropertySource with lowest search precedence
DEBUG main org.springframework.web.context.support.StandardServletEnvironment - Adding [systemProperties] PropertySource with lowest search precedence
DEBUG main org.springframework.web.context.support.StandardServletEnvironment - Adding [systemEnvironment] PropertySource with lowest search precedence
DEBUG main org.springframework.web.context.support.StandardServletEnvironment - Initialized StandardServletEnvironment with PropertySources [servletConfigInitParams,servletContextInitParams,jndiProperties,systemProperties,systemEnvironment]
DEBUG main org.springframework.web.context.support.StandardServletEnvironment - Initializing new StandardServletEnvironment
DEBUG main org.springframework.web.context.support.StandardServletEnvironment - Adding [servletConfigInitParams] PropertySource with lowest search precedence
DEBUG main org.springframework.web.context.support.StandardServletEnvironment - Adding [servletContextInitParams] PropertySource with lowest search precedence
DEBUG main org.springframework.web.context.support.StandardServletEnvironment - Adding [jndiProperties] PropertySource with lowest search precedence
DEBUG main org.springframework.web.context.support.StandardServletEnvironment - Adding [systemProperties] PropertySource with lowest search precedence
DEBUG main org.springframework.web.context.support.StandardServletEnvironment - Adding [systemEnvironment] PropertySource with lowest search precedence
DEBUG main org.springframework.web.context.support.StandardServletEnvironment - Initialized StandardServletEnvironment with PropertySources [servletConfigInitParams,servletContextInitParams,jndiProperties,systemProperties,systemEnvironment]
DEBUG main org.springframework.web.context.support.StandardServletEnvironment - Initializing new StandardServletEnvironment
DEBUG main org.springframework.web.context.support.StandardServletEnvironment - Adding [servletConfigInitParams] PropertySource with lowest search precedence
DEBUG main org.springframework.web.context.support.StandardServletEnvironment - Adding [servletContextInitParams] PropertySource with lowest search precedence
DEBUG main org.springframework.web.context.support.StandardServletEnvironment - Adding [jndiProperties] PropertySource with lowest search precedence
DEBUG main org.springframework.web.context.support.StandardServletEnvironment - Adding [systemProperties] PropertySource with lowest search precedence
DEBUG main org.springframework.web.context.support.StandardServletEnvironment - Adding [systemEnvironment] PropertySource with lowest search precedence
DEBUG main org.springframework.web.context.support.StandardServletEnvironment - Initialized StandardServletEnvironment with PropertySources [servletConfigInitParams,servletContextInitParams,jndiProperties,systemProperties,systemEnvironment]
DEBUG main org.springframework.web.context.support.StandardServletEnvironment - Initializing new StandardServletEnvironment
DEBUG main org.springframework.web.context.support.StandardServletEnvironment - Adding [servletConfigInitParams] PropertySource with lowest search precedence
DEBUG main org.springframework.web.context.support.StandardServletEnvironment - Adding [servletContextInitParams] PropertySource with lowest search precedence
DEBUG main org.springframework.web.context.support.StandardServletEnvironment - Adding [jndiProperties] PropertySource with lowest search precedence
DEBUG main org.springframework.web.context.support.StandardServletEnvironment - Adding [systemProperties] PropertySource with lowest search precedence
DEBUG main org.springframework.web.context.support.StandardServletEnvironment - Adding [systemEnvironment] PropertySource with lowest search precedence
DEBUG main org.springframework.web.context.support.StandardServletEnvironment - Initialized StandardServletEnvironment with PropertySources [servletConfigInitParams,servletContextInitParams,jndiProperties,systemProperties,systemEnvironment]
DEBUG main org.springframework.web.context.support.XmlWebApplicationContext - Unable to locate LifecycleProcessor with name 'lifecycleProcessor': using default [org.springframework.context.support.DefaultLifecycleProcessor@14844bb8]
DEBUG main org.springframework.web.context.ContextLoader - Published root WebApplicationContext as ServletContext attribute with name [org.springframework.web.context.WebApplicationContext.ROOT]
INFO main org.springframework.web.context.ContextLoader - Root WebApplicationContext: initialization completed in 4225 ms
DEBUG main org.springframework.web.context.support.StandardServletEnvironment - Initializing new StandardServletEnvironment
DEBUG main org.springframework.web.context.support.StandardServletEnvironment - Adding [servletConfigInitParams] PropertySource with lowest search precedence
DEBUG main org.springframework.web.context.support.StandardServletEnvironment - Adding [servletContextInitParams] PropertySource with lowest search precedence
DEBUG main org.springframework.web.context.support.StandardServletEnvironment - Adding [jndiProperties] PropertySource with lowest search precedence
DEBUG main org.springframework.web.context.support.StandardServletEnvironment - Adding [systemProperties] PropertySource with lowest search precedence
DEBUG main org.springframework.web.context.support.StandardServletEnvironment - Adding [systemEnvironment] PropertySource with lowest search precedence
DEBUG main org.springframework.web.context.support.StandardServletEnvironment - Initialized StandardServletEnvironment with PropertySources [servletConfigInitParams,servletContextInitParams,jndiProperties,systemProperties,systemEnvironment]
DEBUG main org.springframework.web.filter.CharacterEncodingFilter - Initializing filter 'CharacterEncodingFilter'
DEBUG main org.springframework.web.filter.CharacterEncodingFilter - Filter 'CharacterEncodingFilter' configured successfully
DEBUG main org.springframework.web.context.support.StandardServletEnvironment - Initializing new StandardServletEnvironment
DEBUG main org.springframework.web.context.support.StandardServletEnvironment - Adding [servletConfigInitParams] PropertySource with lowest search precedence
DEBUG main org.springframework.web.context.support.StandardServletEnvironment - Adding [servletContextInitParams] PropertySource with lowest search precedence
DEBUG main org.springframework.web.context.support.StandardServletEnvironment - Adding [jndiProperties] PropertySource with lowest search precedence
DEBUG main org.springframework.web.context.support.StandardServletEnvironment - Adding [systemProperties] PropertySource with lowest search precedence
DEBUG main org.springframework.web.context.support.StandardServletEnvironment - Adding [systemEnvironment] PropertySource with lowest search precedence
DEBUG main org.springframework.web.context.support.StandardServletEnvironment - Initialized StandardServletEnvironment with PropertySources [servletConfigInitParams,servletContextInitParams,jndiProperties,systemProperties,systemEnvironment]
DEBUG main org.springframework.web.filter.HiddenHttpMethodFilter - Initializing filter 'HttpMethodFilter'
DEBUG main org.springframework.web.filter.HiddenHttpMethodFilter - Filter 'HttpMethodFilter' configured successfully
DEBUG main org.springframework.web.context.support.StandardServletEnvironment - Initializing new StandardServletEnvironment
DEBUG main org.springframework.web.context.support.StandardServletEnvironment - Adding [servletConfigInitParams] PropertySource with lowest search precedence
DEBUG main org.springframework.web.context.support.StandardServletEnvironment - Adding [servletContextInitParams] PropertySource with lowest search precedence
DEBUG main org.springframework.web.context.support.StandardServletEnvironment - Adding [jndiProperties] PropertySource with lowest search precedence
DEBUG main org.springframework.web.context.support.StandardServletEnvironment - Adding [systemProperties] PropertySource with lowest search precedence
DEBUG main org.springframework.web.context.support.StandardServletEnvironment - Adding [systemEnvironment] PropertySource with lowest search precedence
DEBUG main org.springframework.web.context.support.StandardServletEnvironment - Initialized StandardServletEnvironment with PropertySources [servletConfigInitParams,servletContextInitParams,jndiProperties,systemProperties,systemEnvironment]
DEBUG main org.springframework.web.filter.DelegatingFilterProxy - Initializing filter 'springSecurityFilterChain'
DEBUG main org.springframework.web.filter.DelegatingFilterProxy - Filter 'springSecurityFilterChain' configured successfully
DEBUG main org.springframework.web.context.support.StandardServletEnvironment - Initializing new StandardServletEnvironment
DEBUG main org.springframework.web.context.support.StandardServletEnvironment - Adding [servletConfigInitParams] PropertySource with lowest search precedence
DEBUG main org.springframework.web.context.support.StandardServletEnvironment - Adding [servletContextInitParams] PropertySource with lowest search precedence
DEBUG main org.springframework.web.context.support.StandardServletEnvironment - Adding [jndiProperties] PropertySource with lowest search precedence
DEBUG main org.springframework.web.context.support.StandardServletEnvironment - Adding [systemProperties] PropertySource with lowest search precedence
DEBUG main org.springframework.web.context.support.StandardServletEnvironment - Adding [systemEnvironment] PropertySource with lowest search precedence
DEBUG main org.springframework.web.context.support.StandardServletEnvironment - Initialized StandardServletEnvironment with PropertySources [servletConfigInitParams,servletContextInitParams,jndiProperties,systemProperties,systemEnvironment]
DEBUG main org.springframework.web.context.support.StandardServletEnvironment - Initializing new StandardServletEnvironment
DEBUG main org.springframework.web.context.support.StandardServletEnvironment - Adding [servletConfigInitParams] PropertySource with lowest search precedence
DEBUG main org.springframework.web.context.support.StandardServletEnvironment - Adding [servletContextInitParams] PropertySource with lowest search precedence
DEBUG main org.springframework.web.context.support.StandardServletEnvironment - Adding [jndiProperties] PropertySource with lowest search precedence
DEBUG main org.springframework.web.context.support.StandardServletEnvironment - Adding [systemProperties] PropertySource with lowest search precedence
DEBUG main org.springframework.web.context.support.StandardServletEnvironment - Adding [systemEnvironment] PropertySource with lowest search precedence
DEBUG main org.springframework.web.context.support.StandardServletEnvironment - Initialized StandardServletEnvironment with PropertySources [servletConfigInitParams,servletContextInitParams,jndiProperties,systemProperties,systemEnvironment]
DEBUG main org.springframework.web.servlet.DispatcherServlet - Initializing servlet 'terram'
INFO main org.springframework.web.servlet.DispatcherServlet - FrameworkServlet 'terram': initialization started
DEBUG main org.springframework.web.servlet.DispatcherServlet - Servlet with name 'terram' will try to create custom WebApplicationContext context of class 'org.springframework.web.context.support.XmlWebApplicationContext', using parent context [Root WebApplicationContext: startup date [Thu Nov 08 00:10:04 EST 2012]; root of context hierarchy]
DEBUG main org.springframework.web.context.support.StandardServletEnvironment - Initializing new StandardServletEnvironment
DEBUG main org.springframework.web.context.support.StandardServletEnvironment - Adding [servletConfigInitParams] PropertySource with lowest search precedence
DEBUG main org.springframework.web.context.support.StandardServletEnvironment - Adding [servletContextInitParams] PropertySource with lowest search precedence
DEBUG main org.springframework.web.context.support.StandardServletEnvironment - Adding [jndiProperties] PropertySource with lowest search precedence
DEBUG main org.springframework.web.context.support.StandardServletEnvironment - Adding [systemProperties] PropertySource with lowest search precedence
DEBUG main org.springframework.web.context.support.StandardServletEnvironment - Adding [systemEnvironment] PropertySource with lowest search precedence
DEBUG main org.springframework.web.context.support.StandardServletEnvironment - Initialized StandardServletEnvironment with PropertySources [servletConfigInitParams,servletContextInitParams,jndiProperties,systemProperties,systemEnvironment]
INFO main org.springframework.web.context.support.XmlWebApplicationContext - Refreshing WebApplicationContext for namespace 'terram-servlet': startup date [Thu Nov 08 00:10:08 EST 2012]; parent: Root WebApplicationContext
DEBUG main org.springframework.web.context.support.StandardServletEnvironment - Replacing [servletConfigInitParams] PropertySource with [servletConfigInitParams]
DEBUG main org.springframework.web.context.support.XmlWebApplicationContext - Bean factory for WebApplicationContext for namespace 'terram-servlet': org.springframework.beans.factory.support.DefaultListableBeanFactory@508a0d7d: defining beans [calendarController,categoryController,codeCategoryController,codeController,eventController,publicLoginController,registerController,sessionTokenController,usersCalendarController,usersController,org.springframework.context.annotation.internalConfigurationAnnotationProcessor,org.springframework.context.annotation.internalAutowiredAnnotationProcessor,org.springframework.context.annotation.internalRequiredAnnotationProcessor,org.springframework.context.annotation.internalCommonAnnotationProcessor,org.springframework.context.annotation.internalPersistenceAnnotationProcessor,org.springframework.web.servlet.mvc.method.annotation.RequestMappingHandlerMapping#0,org.springframework.validation.beanvalidation.LocalValidatorFactoryBean#0,org.springframework.web.servlet.mvc.method.annotation.RequestMappingHandlerAdapter#0,org.springframework.web.servlet.handler.MappedInterceptor#0,org.springframework.web.servlet.mvc.method.annotation.ExceptionHandlerExceptionResolver#0,org.springframework.web.servlet.mvc.annotation.ResponseStatusExceptionResolver#0,org.springframework.web.servlet.mvc.support.DefaultHandlerExceptionResolver#0,org.springframework.web.servlet.handler.BeanNameUrlHandlerMapping,org.springframework.web.servlet.mvc.HttpRequestHandlerAdapter,org.springframework.web.servlet.mvc.SimpleControllerHandlerAdapter,applicationConversionService,org.springframework.web.servlet.resource.ResourceHttpRequestHandler#0,org.springframework.web.servlet.handler.SimpleUrlHandlerMapping#0,org.springframework.web.servlet.resource.DefaultServletHttpRequestHandler#0,org.springframework.web.servlet.handler.SimpleUrlHandlerMapping#1,org.springframework.web.servlet.handler.MappedInterceptor#1,org.springframework.web.servlet.handler.MappedInterceptor#2,org.springframework.web.servlet.config.viewControllerHandlerMapping,messageSource,localeResolver,themeSource,themeResolver,org.springframework.web.servlet.handler.SimpleMappingExceptionResolver#0,multipartResolver,tilesViewResolver,tilesConfigurer]; parent: org.springframework.beans.factory.support.DefaultListableBeanFactory@6300fba5
DEBUG main org.springframework.web.context.support.XmlWebApplicationContext - Using MessageSource [org.springframework.context.support.ReloadableResourceBundleMessageSource: basenames=[WEB-INF/i18n/messages,WEB-INF/i18n/application]]
DEBUG main org.springframework.web.context.support.XmlWebApplicationContext - Unable to locate ApplicationEventMulticaster with name 'applicationEventMulticaster': using default [org.springframework.context.event.SimpleApplicationEventMulticaster@1a618a48]
INFO main com.terram.web.PublicLoginController - ===============Testing this index ====================
DEBUG main org.springframework.web.servlet.mvc.method.annotation.RequestMappingHandlerMapping - Looking for request mappings in application context: WebApplicationContext for namespace 'terram-servlet': startup date [Thu Nov 08 00:10:08 EST 2012]; parent: Root WebApplicationContext
INFO main org.springframework.web.servlet.mvc.method.annotation.RequestMappingHandlerMapping - Mapped "{[/calendars],methods=[],params=[],headers=[],consumes=[],produces=[text/html],custom=[]}" onto public java.lang.String com.terram.web.CalendarController.list(java.lang.Integer,java.lang.Integer,org.springframework.ui.Model)
INFO main org.springframework.web.servlet.mvc.method.annotation.RequestMappingHandlerMapping - Mapped "{[/calendars/{id_}],methods=[DELETE],params=[],headers=[],consumes=[],produces=[text/html],custom=[]}" onto public java.lang.String com.terram.web.CalendarController.delete(java.lang.Long,java.lang.Integer,java.lang.Integer,org.springframework.ui.Model)
INFO main org.springframework.web.servlet.mvc.method.annotation.RequestMappingHandlerMapping - Mapped "{[/calendars],methods=[POST],params=[],headers=[],consumes=[],produces=[text/html],custom=[]}" onto public java.lang.String com.terram.web.CalendarController.create(com.terram.Calendar,org.springframework.validation.BindingResult,org.springframework.ui.Model,javax.servlet.http.HttpServletRequest)
INFO main org.springframework.web.servlet.mvc.method.annotation.RequestMappingHandlerMapping - Mapped "{[/calendars],methods=[PUT],params=[],headers=[],consumes=[],produces=[text/html],custom=[]}" onto public java.lang.String com.terram.web.CalendarController.update(com.terram.Calendar,org.springframework.validation.BindingResult,org.springframework.ui.Model,javax.servlet.http.HttpServletRequest)
INFO main org.springframework.web.servlet.mvc.method.annotation.RequestMappingHandlerMapping - Mapped "{[/calendars/{id_}],methods=[],params=[],headers=[],consumes=[],produces=[text/html],custom=[]}" onto public java.lang.String com.terram.web.CalendarController.show(java.lang.Long,org.springframework.ui.Model)
INFO main org.springframework.web.servlet.mvc.method.annotation.RequestMappingHandlerMapping - Mapped "{[/calendars],methods=[],params=[form],headers=[],consumes=[],produces=[text/html],custom=[]}" onto public java.lang.String com.terram.web.CalendarController.createForm(org.springframework.ui.Model)
INFO main org.springframework.web.servlet.mvc.method.annotation.RequestMappingHandlerMapping - Mapped "{[/calendars/{id_}],methods=[],params=[form],headers=[],consumes=[],produces=[text/html],custom=[]}" onto public java.lang.String com.terram.web.CalendarController.updateForm(java.lang.Long,org.springframework.ui.Model)
INFO main org.springframework.web.servlet.mvc.method.annotation.RequestMappingHandlerMapping - Mapped "{[/categorys],methods=[],params=[],headers=[],consumes=[],produces=[text/html],custom=[]}" onto public java.lang.String com.terram.web.CategoryController.list(java.lang.Integer,java.lang.Integer,org.springframework.ui.Model)
INFO main org.springframework.web.servlet.mvc.method.annotation.RequestMappingHandlerMapping - Mapped "{[/categorys/{id}],methods=[DELETE],params=[],headers=[],consumes=[],produces=[text/html],custom=[]}" onto public java.lang.String com.terram.web.CategoryController.delete(java.lang.Long,java.lang.Integer,java.lang.Integer,org.springframework.ui.Model)
INFO main org.springframework.web.servlet.mvc.method.annotation.RequestMappingHandlerMapping - Mapped "{[/categorys],methods=[POST],params=[],headers=[],consumes=[],produces=[text/html],custom=[]}" onto public java.lang.String com.terram.web.CategoryController.create(com.terram.Category,org.springframework.validation.BindingResult,org.springframework.ui.Model,javax.servlet.http.HttpServletRequest)
INFO main org.springframework.web.servlet.mvc.method.annotation.RequestMappingHandlerMapping - Mapped "{[/categorys],methods=[PUT],params=[],headers=[],consumes=[],produces=[text/html],custom=[]}" onto public java.lang.String com.terram.web.CategoryController.update(com.terram.Category,org.springframework.validation.BindingResult,org.springframework.ui.Model,javax.servlet.http.HttpServletRequest)
INFO main org.springframework.web.servlet.mvc.method.annotation.RequestMappingHandlerMapping - Mapped "{[/categorys/{id}],methods=[],params=[],headers=[],consumes=[],produces=[text/html],custom=[]}" onto public java.lang.String com.terram.web.CategoryController.show(java.lang.Long,org.springframework.ui.Model)
INFO main org.springframework.web.servlet.mvc.method.annotation.RequestMappingHandlerMapping - Mapped "{[/categorys],methods=[],params=[form],headers=[],consumes=[],produces=[text/html],custom=[]}" onto public java.lang.String com.terram.web.CategoryController.createForm(org.springframework.ui.Model)
INFO main org.springframework.web.servlet.mvc.method.annotation.RequestMappingHandlerMapping - Mapped "{[/categorys/{id}],methods=[],params=[form],headers=[],consumes=[],produces=[text/html],custom=[]}" onto public java.lang.String com.terram.web.CategoryController.updateForm(java.lang.Long,org.springframework.ui.Model)
INFO main org.springframework.web.servlet.mvc.method.annotation.RequestMappingHandlerMapping - Mapped "{[/codecategorys],methods=[],params=[],headers=[],consumes=[],produces=[text/html],custom=[]}" onto public java.lang.String com.terram.web.CodeCategoryController.list(java.lang.Integer,java.lang.Integer,org.springframework.ui.Model)
INFO main org.springframework.web.servlet.mvc.method.annotation.RequestMappingHandlerMapping - Mapped "{[/codecategorys/{id}],methods=[DELETE],params=[],headers=[],consumes=[],produces=[text/html],custom=[]}" onto public java.lang.String com.terram.web.CodeCategoryController.delete(java.lang.Long,java.lang.Integer,java.lang.Integer,org.springframework.ui.Model)
INFO main org.springframework.web.servlet.mvc.method.annotation.RequestMappingHandlerMapping - Mapped "{[/codecategorys],methods=[POST],params=[],headers=[],consumes=[],produces=[text/html],custom=[]}" onto public java.lang.String com.terram.web.CodeCategoryController.create(com.terram.CodeCategory,org.springframework.validation.BindingResult,org.springframework.ui.Model,javax.servlet.http.HttpServletRequest)
INFO main org.springframework.web.servlet.mvc.method.annotation.RequestMappingHandlerMapping - Mapped "{[/codecategorys],methods=[PUT],params=[],headers=[],consumes=[],produces=[text/html],custom=[]}" onto public java.lang.String com.terram.web.CodeCategoryController.update(com.terram.CodeCategory,org.springframework.validation.BindingResult,org.springframework.ui.Model,javax.servlet.http.HttpServletRequest)
INFO main org.springframework.web.servlet.mvc.method.annotation.RequestMappingHandlerMapping - Mapped "{[/codecategorys/{id}],methods=[],params=[],headers=[],consumes=[],produces=[text/html],custom=[]}" onto public java.lang.String com.terram.web.CodeCategoryController.show(java.lang.Long,org.springframework.ui.Model)
INFO main org.springframework.web.servlet.mvc.method.annotation.RequestMappingHandlerMapping - Mapped "{[/codecategorys],methods=[],params=[form],headers=[],consumes=[],produces=[text/html],custom=[]}" onto public java.lang.String com.terram.web.CodeCategoryController.createForm(org.springframework.ui.Model)
INFO main org.springframework.web.servlet.mvc.method.annotation.RequestMappingHandlerMapping - Mapped "{[/codecategorys/{id}],methods=[],params=[form],headers=[],consumes=[],produces=[text/html],custom=[]}" onto public java.lang.String com.terram.web.CodeCategoryController.updateForm(java.lang.Long,org.springframework.ui.Model)
INFO main org.springframework.web.servlet.mvc.method.annotation.RequestMappingHandlerMapping - Mapped "{[/codes],methods=[],params=[],headers=[],consumes=[],produces=[text/html],custom=[]}" onto public java.lang.String com.terram.web.CodeController.list(java.lang.Integer,java.lang.Integer,org.springframework.ui.Model)
INFO main org.springframework.web.servlet.mvc.method.annotation.RequestMappingHandlerMapping - Mapped "{[/codes/{id}],methods=[DELETE],params=[],headers=[],consumes=[],produces=[text/html],custom=[]}" onto public java.lang.String com.terram.web.CodeController.delete(java.lang.Long,java.lang.Integer,java.lang.Integer,org.springframework.ui.Model)
INFO main org.springframework.web.servlet.mvc.method.annotation.RequestMappingHandlerMapping - Mapped "{[/codes],methods=[POST],params=[],headers=[],consumes=[],produces=[text/html],custom=[]}" onto public java.lang.String com.terram.web.CodeController.create(com.terram.Code,org.springframework.validation.BindingResult,org.springframework.ui.Model,javax.servlet.http.HttpServletRequest)
INFO main org.springframework.web.servlet.mvc.method.annotation.RequestMappingHandlerMapping - Mapped "{[/codes],methods=[PUT],params=[],headers=[],consumes=[],produces=[text/html],custom=[]}" onto public java.lang.String com.terram.web.CodeController.update(com.terram.Code,org.springframework.validation.BindingResult,org.springframework.ui.Model,javax.servlet.http.HttpServletRequest)
INFO main org.springframework.web.servlet.mvc.method.annotation.RequestMappingHandlerMapping - Mapped "{[/codes/{id}],methods=[],params=[],headers=[],consumes=[],produces=[text/html],custom=[]}" onto public java.lang.String com.terram.web.CodeController.show(java.lang.Long,org.springframework.ui.Model)
INFO main org.springframework.web.servlet.mvc.method.annotation.RequestMappingHandlerMapping - Mapped "{[/codes],methods=[],params=[form],headers=[],consumes=[],produces=[text/html],custom=[]}" onto public java.lang.String com.terram.web.CodeController.createForm(org.springframework.ui.Model)
INFO main org.springframework.web.servlet.mvc.method.annotation.RequestMappingHandlerMapping - Mapped "{[/codes/{id}],methods=[],params=[form],headers=[],consumes=[],produces=[text/html],custom=[]}" onto public java.lang.String com.terram.web.CodeController.updateForm(java.lang.Long,org.springframework.ui.Model)
INFO main org.springframework.web.servlet.mvc.method.annotation.RequestMappingHandlerMapping - Mapped "{[/events],methods=[],params=[],headers=[],consumes=[],produces=[text/html],custom=[]}" onto public java.lang.String com.terram.web.EventController.list(java.lang.Integer,java.lang.Integer,org.springframework.ui.Model)
INFO main org.springframework.web.servlet.mvc.method.annotation.RequestMappingHandlerMapping - Mapped "{[/events/{id}],methods=[DELETE],params=[],headers=[],consumes=[],produces=[text/html],custom=[]}" onto public java.lang.String com.terram.web.EventController.delete(java.lang.Long,java.lang.Integer,java.lang.Integer,org.springframework.ui.Model)
INFO main org.springframework.web.servlet.mvc.method.annotation.RequestMappingHandlerMapping - Mapped "{[/events],methods=[POST],params=[],headers=[],consumes=[],produces=[text/html],custom=[]}" onto public java.lang.String com.terram.web.EventController.create(com.terram.Event,org.springframework.validation.BindingResult,org.springframework.ui.Model,javax.servlet.http.HttpServletRequest)
INFO main org.springframework.web.servlet.mvc.method.annotation.RequestMappingHandlerMapping - Mapped "{[/events],methods=[PUT],params=[],headers=[],consumes=[],produces=[text/html],custom=[]}" onto public java.lang.String com.terram.web.EventController.update(com.terram.Event,org.springframework.validation.BindingResult,org.springframework.ui.Model,javax.servlet.http.HttpServletRequest)
INFO main org.springframework.web.servlet.mvc.method.annotation.RequestMappingHandlerMapping - Mapped "{[/events/{id}],methods=[],params=[],headers=[],consumes=[],produces=[text/html],custom=[]}" onto public java.lang.String com.terram.web.EventController.show(java.lang.Long,org.springframework.ui.Model)
INFO main org.springframework.web.servlet.mvc.method.annotation.RequestMappingHandlerMapping - Mapped "{[/events],methods=[],params=[form],headers=[],consumes=[],produces=[text/html],custom=[]}" onto public java.lang.String com.terram.web.EventController.createForm(org.springframework.ui.Model)
INFO main org.springframework.web.servlet.mvc.method.annotation.RequestMappingHandlerMapping - Mapped "{[/events/{id}],methods=[],params=[form],headers=[],consumes=[],produces=[text/html],custom=[]}" onto public java.lang.String com.terram.web.EventController.updateForm(java.lang.Long,org.springframework.ui.Model)
INFO main org.springframework.web.servlet.mvc.method.annotation.RequestMappingHandlerMapping - Mapped "{[/publiclogin/**],methods=[],params=[],headers=[],consumes=[],produces=[],custom=[]}" onto public java.lang.String com.terram.web.PublicLoginController.index()
INFO main org.springframework.web.servlet.mvc.method.annotation.RequestMappingHandlerMapping - Mapped "{[/publiclogin/**/{id}],methods=[POST],params=[],headers=[],consumes=[],produces=[],custom=[]}" onto public void com.terram.web.PublicLoginController.post(java.lang.Long,org.springframework.ui.ModelMap,javax.servlet.http.HttpServletRequest,javax.servlet.http.HttpServletResponse)
INFO main org.springframework.web.servlet.mvc.method.annotation.RequestMappingHandlerMapping - Mapped "{[/register/**],methods=[],params=[],headers=[],consumes=[],produces=[],custom=[]}" onto public java.lang.String com.terram.web.RegisterController.index()
INFO main org.springframework.web.servlet.mvc.method.annotation.RequestMappingHandlerMapping - Mapped "{[/register/**/{id}],methods=[POST],params=[],headers=[],consumes=[],produces=[],custom=[]}" onto public void com.terram.web.RegisterController.post(java.lang.Long,org.springframework.ui.ModelMap,javax.servlet.http.HttpServletRequest,javax.servlet.http.HttpServletResponse)
INFO main org.springframework.web.servlet.mvc.method.annotation.RequestMappingHandlerMapping - Mapped "{[/sessiontokens],methods=[],params=[],headers=[],consumes=[],produces=[text/html],custom=[]}" onto public java.lang.String com.terram.web.SessionTokenController.list(java.lang.Integer,java.lang.Integer,org.springframework.ui.Model)
INFO main org.springframework.web.servlet.mvc.method.annotation.RequestMappingHandlerMapping - Mapped "{[/sessiontokens/{id}],methods=[DELETE],params=[],headers=[],consumes=[],produces=[text/html],custom=[]}" onto public java.lang.String com.terram.web.SessionTokenController.delete(java.lang.Long,java.lang.Integer,java.lang.Integer,org.springframework.ui.Model)
INFO main org.springframework.web.servlet.mvc.method.annotation.RequestMappingHandlerMapping - Mapped "{[/sessiontokens],methods=[POST],params=[],headers=[],consumes=[],produces=[text/html],custom=[]}" onto public java.lang.String com.terram.web.SessionTokenController.create(com.terram.SessionToken,org.springframework.validation.BindingResult,org.springframework.ui.Model,javax.servlet.http.HttpServletRequest)
INFO main org.springframework.web.servlet.mvc.method.annotation.RequestMappingHandlerMapping - Mapped "{[/sessiontokens],methods=[PUT],params=[],headers=[],consumes=[],produces=[text/html],custom=[]}" onto public java.lang.String com.terram.web.SessionTokenController.update(com.terram.SessionToken,org.springframework.validation.BindingResult,org.springframework.ui.Model,javax.servlet.http.HttpServletRequest)
INFO main org.springframework.web.servlet.mvc.method.annotation.RequestMappingHandlerMapping - Mapped "{[/sessiontokens/{id}],methods=[],params=[],headers=[],consumes=[],produces=[text/html],custom=[]}" onto public java.lang.String com.terram.web.SessionTokenController.show(java.lang.Long,org.springframework.ui.Model)
INFO main org.springframework.web.servlet.mvc.method.annotation.RequestMappingHandlerMapping - Mapped "{[/sessiontokens],methods=[],params=[form],headers=[],consumes=[],produces=[text/html],custom=[]}" onto public java.lang.String com.terram.web.SessionTokenController.createForm(org.springframework.ui.Model)
INFO main org.springframework.web.servlet.mvc.method.annotation.RequestMappingHandlerMapping - Mapped "{[/sessiontokens/{id}],methods=[],params=[form],headers=[],consumes=[],produces=[text/html],custom=[]}" onto public java.lang.String com.terram.web.SessionTokenController.updateForm(java.lang.Long,org.springframework.ui.Model)
INFO main org.springframework.web.servlet.mvc.method.annotation.RequestMappingHandlerMapping - Mapped "{[/userscalendars],methods=[],params=[],headers=[],consumes=[],produces=[text/html],custom=[]}" onto public java.lang.String com.terram.web.UsersCalendarController.list(java.lang.Integer,java.lang.Integer,org.springframework.ui.Model)
INFO main org.springframework.web.servlet.mvc.method.annotation.RequestMappingHandlerMapping - Mapped "{[/userscalendars/{id}],methods=[DELETE],params=[],headers=[],consumes=[],produces=[text/html],custom=[]}" onto public java.lang.String com.terram.web.UsersCalendarController.delete(java.lang.Long,java.lang.Integer,java.lang.Integer,org.springframework.ui.Model)
INFO main org.springframework.web.servlet.mvc.method.annotation.RequestMappingHandlerMapping - Mapped "{[/userscalendars],methods=[POST],params=[],headers=[],consumes=[],produces=[text/html],custom=[]}" onto public java.lang.String com.terram.web.UsersCalendarController.create(com.terram.UsersCalendar,org.springframework.validation.BindingResult,org.springframework.ui.Model,javax.servlet.http.HttpServletRequest)
INFO main org.springframework.web.servlet.mvc.method.annotation.RequestMappingHandlerMapping - Mapped "{[/userscalendars],methods=[PUT],params=[],headers=[],consumes=[],produces=[text/html],custom=[]}" onto public java.lang.String com.terram.web.UsersCalendarController.update(com.terram.UsersCalendar,org.springframework.validation.BindingResult,org.springframework.ui.Model,javax.servlet.http.HttpServletRequest)
INFO main org.springframework.web.servlet.mvc.method.annotation.RequestMappingHandlerMapping - Mapped "{[/userscalendars/{id}],methods=[],params=[],headers=[],consumes=[],produces=[text/html],custom=[]}" onto public java.lang.String com.terram.web.UsersCalendarController.show(java.lang.Long,org.springframework.ui.Model)
INFO main org.springframework.web.servlet.mvc.method.annotation.RequestMappingHandlerMapping - Mapped "{[/userscalendars],methods=[],params=[form],headers=[],consumes=[],produces=[text/html],custom=[]}" onto public java.lang.String com.terram.web.UsersCalendarController.createForm(org.springframework.ui.Model)
INFO main org.springframework.web.servlet.mvc.method.annotation.RequestMappingHandlerMapping - Mapped "{[/userscalendars/{id}],methods=[],params=[form],headers=[],consumes=[],produces=[text/html],custom=[]}" onto public java.lang.String com.terram.web.UsersCalendarController.updateForm(java.lang.Long,org.springframework.ui.Model)
INFO main org.springframework.web.servlet.mvc.method.annotation.RequestMappingHandlerMapping - Mapped "{[/userses],methods=[],params=[],headers=[],consumes=[],produces=[text/html],custom=[]}" onto public java.lang.String com.terram.web.UsersController.list(java.lang.Integer,java.lang.Integer,org.springframework.ui.Model)
INFO main org.springframework.web.servlet.mvc.method.annotation.RequestMappingHandlerMapping - Mapped "{[/userses/{id_}],methods=[DELETE],params=[],headers=[],consumes=[],produces=[text/html],custom=[]}" onto public java.lang.String com.terram.web.UsersController.delete(java.lang.Long,java.lang.Integer,java.lang.Integer,org.springframework.ui.Model)
INFO main org.springframework.web.servlet.mvc.method.annotation.RequestMappingHandlerMapping - Mapped "{[/userses],methods=[POST],params=[],headers=[],consumes=[],produces=[text/html],custom=[]}" onto public java.lang.String com.terram.web.UsersController.create(com.terram.Users,org.springframework.validation.BindingResult,org.springframework.ui.Model,javax.servlet.http.HttpServletRequest)
INFO main org.springframework.web.servlet.mvc.method.annotation.RequestMappingHandlerMapping - Mapped "{[/userses],methods=[PUT],params=[],headers=[],consumes=[],produces=[text/html],custom=[]}" onto public java.lang.String com.terram.web.UsersController.update(com.terram.Users,org.springframework.validation.BindingResult,org.springframework.ui.Model,javax.servlet.http.HttpServletRequest)
INFO main org.springframework.web.servlet.mvc.method.annotation.RequestMappingHandlerMapping - Mapped "{[/userses/{id_}],methods=[],params=[],headers=[],consumes=[],produces=[text/html],custom=[]}" onto public java.lang.String com.terram.web.UsersController.show(java.lang.Long,org.springframework.ui.Model)
INFO main org.springframework.web.servlet.mvc.method.annotation.RequestMappingHandlerMapping - Mapped "{[/userses],methods=[],params=[form],headers=[],consumes=[],produces=[text/html],custom=[]}" onto public java.lang.String com.terram.web.UsersController.createForm(org.springframework.ui.Model)
INFO main org.springframework.web.servlet.mvc.method.annotation.RequestMappingHandlerMapping - Mapped "{[/userses/{id_}],methods=[],params=[form],headers=[],consumes=[],produces=[text/html],custom=[]}" onto public java.lang.String com.terram.web.UsersController.updateForm(java.lang.Long,org.springframework.ui.Model)
DEBUG main org.springframework.web.servlet.handler.BeanNameUrlHandlerMapping - Looking for URL mappings in application context: WebApplicationContext for namespace 'terram-servlet': startup date [Thu Nov 08 00:10:08 EST 2012]; parent: Root WebApplicationContext
DEBUG main org.springframework.web.servlet.handler.BeanNameUrlHandlerMapping - Rejected bean name 'calendarController': no URL paths identified
DEBUG main org.springframework.web.servlet.handler.BeanNameUrlHandlerMapping - Rejected bean name 'categoryController': no URL paths identified
DEBUG main org.springframework.web.servlet.handler.BeanNameUrlHandlerMapping - Rejected bean name 'codeCategoryController': no URL paths identified
DEBUG main org.springframework.web.servlet.handler.BeanNameUrlHandlerMapping - Rejected bean name 'codeController': no URL paths identified
DEBUG main org.springframework.web.servlet.handler.BeanNameUrlHandlerMapping - Rejected bean name 'eventController': no URL paths identified
DEBUG main org.springframework.web.servlet.handler.BeanNameUrlHandlerMapping - Rejected bean name 'publicLoginController': no URL paths identified
DEBUG main org.springframework.web.servlet.handler.BeanNameUrlHandlerMapping - Rejected bean name 'registerController': no URL paths identified
DEBUG main org.springframework.web.servlet.handler.BeanNameUrlHandlerMapping - Rejected bean name 'sessionTokenController': no URL paths identified
DEBUG main org.springframework.web.servlet.handler.BeanNameUrlHandlerMapping - Rejected bean name 'usersCalendarController': no URL paths identified
DEBUG main org.springframework.web.servlet.handler.BeanNameUrlHandlerMapping - Rejected bean name 'usersController': no URL paths identified
DEBUG main org.springframework.web.servlet.handler.BeanNameUrlHandlerMapping - Rejected bean name 'org.springframework.context.annotation.internalConfigurationAnnotationProcessor': no URL paths identified
DEBUG main org.springframework.web.servlet.handler.BeanNameUrlHandlerMapping - Rejected bean name 'org.springframework.context.annotation.internalAutowiredAnnotationProcessor': no URL paths identified
DEBUG main org.springframework.web.servlet.handler.BeanNameUrlHandlerMapping - Rejected bean name 'org.springframework.context.annotation.internalRequiredAnnotationProcessor': no URL paths identified
DEBUG main org.springframework.web.servlet.handler.BeanNameUrlHandlerMapping - Rejected bean name 'org.springframework.context.annotation.internalCommonAnnotationProcessor': no URL paths identified
DEBUG main org.springframework.web.servlet.handler.BeanNameUrlHandlerMapping - Rejected bean name 'org.springframework.context.annotation.internalPersistenceAnnotationProcessor': no URL paths identified
DEBUG main org.springframework.web.servlet.handler.BeanNameUrlHandlerMapping - Rejected bean name 'org.springframework.web.servlet.mvc.method.annotation.RequestMappingHandlerMapping#0': no URL paths identified
DEBUG main org.springframework.web.servlet.handler.BeanNameUrlHandlerMapping - Rejected bean name 'org.springframework.validation.beanvalidation.LocalValidatorFactoryBean#0': no URL paths identified
DEBUG main org.springframework.web.servlet.handler.BeanNameUrlHandlerMapping - Rejected bean name 'org.springframework.web.servlet.mvc.method.annotation.RequestMappingHandlerAdapter#0': no URL paths identified
DEBUG main org.springframework.web.servlet.handler.BeanNameUrlHandlerMapping - Rejected bean name 'org.springframework.web.servlet.handler.MappedInterceptor#0': no URL paths identified
DEBUG main org.springframework.web.servlet.handler.BeanNameUrlHandlerMapping - Rejected bean name 'org.springframework.web.servlet.mvc.method.annotation.ExceptionHandlerExceptionResolver#0': no URL paths identified
DEBUG main org.springframework.web.servlet.handler.BeanNameUrlHandlerMapping - Rejected bean name 'org.springframework.web.servlet.mvc.annotation.ResponseStatusExceptionResolver#0': no URL paths identified
DEBUG main org.springframework.web.servlet.handler.BeanNameUrlHandlerMapping - Rejected bean name 'org.springframework.web.servlet.mvc.support.DefaultHandlerExceptionResolver#0': no URL paths identified
DEBUG main org.springframework.web.servlet.handler.BeanNameUrlHandlerMapping - Rejected bean name 'org.springframework.web.servlet.handler.BeanNameUrlHandlerMapping': no URL paths identified
DEBUG main org.springframework.web.servlet.handler.BeanNameUrlHandlerMapping - Rejected bean name 'org.springframework.web.servlet.mvc.HttpRequestHandlerAdapter': no URL paths identified
DEBUG main org.springframework.web.servlet.handler.BeanNameUrlHandlerMapping - Rejected bean name 'org.springframework.web.servlet.mvc.SimpleControllerHandlerAdapter': no URL paths identified
DEBUG main org.springframework.web.servlet.handler.BeanNameUrlHandlerMapping - Rejected bean name 'applicationConversionService': no URL paths identified
DEBUG main org.springframework.web.servlet.handler.BeanNameUrlHandlerMapping - Rejected bean name 'org.springframework.web.servlet.resource.ResourceHttpRequestHandler#0': no URL paths identified
DEBUG main org.springframework.web.servlet.handler.BeanNameUrlHandlerMapping - Rejected bean name 'org.springframework.web.servlet.handler.SimpleUrlHandlerMapping#0': no URL paths identified
DEBUG main org.springframework.web.servlet.handler.BeanNameUrlHandlerMapping - Rejected bean name 'org.springframework.web.servlet.resource.DefaultServletHttpRequestHandler#0': no URL paths identified
DEBUG main org.springframework.web.servlet.handler.BeanNameUrlHandlerMapping - Rejected bean name 'org.springframework.web.servlet.handler.SimpleUrlHandlerMapping#1': no URL paths identified
DEBUG main org.springframework.web.servlet.handler.BeanNameUrlHandlerMapping - Rejected bean name 'org.springframework.web.servlet.handler.MappedInterceptor#1': no URL paths identified
DEBUG main org.springframework.web.servlet.handler.BeanNameUrlHandlerMapping - Rejected bean name 'org.springframework.web.servlet.handler.MappedInterceptor#2': no URL paths identified
DEBUG main org.springframework.web.servlet.handler.BeanNameUrlHandlerMapping - Rejected bean name 'org.springframework.web.servlet.config.viewControllerHandlerMapping': no URL paths identified
DEBUG main org.springframework.web.servlet.handler.BeanNameUrlHandlerMapping - Rejected bean name 'messageSource': no URL paths identified
DEBUG main org.springframework.web.servlet.handler.BeanNameUrlHandlerMapping - Rejected bean name 'localeResolver': no URL paths identified
DEBUG main org.springframework.web.servlet.handler.BeanNameUrlHandlerMapping - Rejected bean name 'themeSource': no URL paths identified
DEBUG main org.springframework.web.servlet.handler.BeanNameUrlHandlerMapping - Rejected bean name 'themeResolver': no URL paths identified
DEBUG main org.springframework.web.servlet.handler.BeanNameUrlHandlerMapping - Rejected bean name 'org.springframework.web.servlet.handler.SimpleMappingExceptionResolver#0': no URL paths identified
DEBUG main org.springframework.web.servlet.handler.BeanNameUrlHandlerMapping - Rejected bean name 'multipartResolver': no URL paths identified
DEBUG main org.springframework.web.servlet.handler.BeanNameUrlHandlerMapping - Rejected bean name 'tilesViewResolver': no URL paths identified
DEBUG main org.springframework.web.servlet.handler.BeanNameUrlHandlerMapping - Rejected bean name 'tilesConfigurer': no URL paths identified
DEBUG main org.springframework.web.servlet.handler.BeanNameUrlHandlerMapping - Rejected bean name 'org.springframework.context.annotation.ConfigurationClassPostProcessor$ImportAwareBeanPostProcessor#0': no URL paths identified
DEBUG main org.springframework.web.servlet.handler.BeanNameUrlHandlerMapping - Rejected bean name 'servletConfig': no URL paths identified
DEBUG main org.springframework.web.servlet.handler.BeanNameUrlHandlerMapping - Rejected bean name 'importRegistry': no URL paths identified
DEBUG main org.springframework.web.servlet.handler.BeanNameUrlHandlerMapping - Rejected bean name 'applicationEventMulticaster': no URL paths identified
INFO main org.springframework.web.servlet.handler.SimpleUrlHandlerMapping - Mapped URL path [/resources/**] onto handler 'org.springframework.web.servlet.resource.ResourceHttpRequestHandler#0'
INFO main org.springframework.web.servlet.handler.SimpleUrlHandlerMapping - Mapped URL path [/**] onto handler 'org.springframework.web.servlet.resource.DefaultServletHttpRequestHandler#0'
INFO main org.springframework.web.servlet.handler.SimpleUrlHandlerMapping - Mapped URL path [/temp] onto handler of type [class org.springframework.web.servlet.mvc.ParameterizableViewController]
INFO main org.springframework.web.servlet.handler.SimpleUrlHandlerMapping - Mapped URL path [/uncaughtException] onto handler of type [class org.springframework.web.servlet.mvc.ParameterizableViewController]
INFO main org.springframework.web.servlet.handler.SimpleUrlHandlerMapping - Mapped URL path [/resourceNotFound] onto handler of type [class org.springframework.web.servlet.mvc.ParameterizableViewController]
INFO main org.springframework.web.servlet.handler.SimpleUrlHandlerMapping - Mapped URL path [/login] onto handler of type [class org.springframework.web.servlet.mvc.ParameterizableViewController]
INFO main org.springframework.web.servlet.handler.SimpleUrlHandlerMapping - Mapped URL path [/dataAccessFailure] onto handler of type [class org.springframework.web.servlet.mvc.ParameterizableViewController]
INFO main org.springframework.web.servlet.handler.SimpleUrlHandlerMapping - Root mapping to handler of type [class org.springframework.web.servlet.mvc.ParameterizableViewController]
INFO main org.springframework.web.servlet.view.tiles2.TilesConfigurer - TilesConfigurer: adding definitions [/WEB-INF/layouts/layouts.xml,/WEB-INF/views/**/views.xml]
DEBUG main org.springframework.web.context.support.XmlWebApplicationContext - Unable to locate LifecycleProcessor with name 'lifecycleProcessor': using default [org.springframework.context.support.DefaultLifecycleProcessor@6e7a1616]
DEBUG main org.springframework.web.servlet.DispatcherServlet - Using MultipartResolver [org.springframework.web.multipart.commons.CommonsMultipartResolver@11403704]
DEBUG main org.springframework.web.servlet.DispatcherServlet - Using LocaleResolver [org.springframework.web.servlet.i18n.CookieLocaleResolver@edbf075]
DEBUG main org.springframework.web.servlet.DispatcherServlet - Using ThemeResolver [org.springframework.web.servlet.theme.CookieThemeResolver@98798f2]
DEBUG main org.springframework.web.servlet.DispatcherServlet - Unable to locate RequestToViewNameTranslator with name 'viewNameTranslator': using default [org.springframework.web.servlet.view.DefaultRequestToViewNameTranslator@66e35ba7]
DEBUG main org.springframework.web.servlet.DispatcherServlet - Unable to locate FlashMapManager with name 'flashMapManager': using default [org.springframework.web.servlet.support.SessionFlashMapManager@7009ab10]
DEBUG main org.springframework.web.servlet.DispatcherServlet - Published WebApplicationContext of servlet 'terram' as ServletContext attribute with name [org.springframework.web.servlet.FrameworkServlet.CONTEXT.terram]
INFO main org.springframework.web.servlet.DispatcherServlet - FrameworkServlet 'terram': initialization completed in 1493 ms
DEBUG main org.springframework.web.servlet.DispatcherServlet - Servlet 'terram' configured successfully
DEBUG qtp900793053-33 org.springframework.web.servlet.DispatcherServlet - DispatcherServlet with name 'terram' processing GET request for [/terram/publiclogin]
DEBUG qtp900793053-33 org.springframework.web.servlet.mvc.method.annotation.RequestMappingHandlerMapping - Looking up handler method for path /publiclogin
DEBUG qtp900793053-33 org.springframework.web.servlet.mvc.method.annotation.RequestMappingHandlerMapping - Returning handler method [public java.lang.String com.terram.web.PublicLoginController.index()]
DEBUG qtp900793053-33 org.springframework.web.servlet.DispatcherServlet - Last-Modified value for [/terram/publiclogin] is: -1
INFO qtp900793053-33 com.terram.web.PublicLoginController - ===============Testing this index ====================
DEBUG qtp900793053-33 org.springframework.web.servlet.DispatcherServlet - Rendering view [org.springframework.web.servlet.view.tiles2.TilesView: name 'publiclogin/index'; URL [publiclogin/index]] in DispatcherServlet with name 'terram'
DEBUG qtp900793053-33 org.springframework.web.servlet.DispatcherServlet - Successfully completed request
